c:\users\christopher\documents\visual studio 2015\projects\lab1gameengine\lab1gameengine\debug\vc140.pdb
c:\users\christopher\documents\visual studio 2015\projects\lab1gameengine\lab1gameengine\debug\vc140.idb
c:\users\christopher\documents\visual studio 2015\projects\lab1gameengine\lab1gameengine\debug\clock.obj
c:\users\christopher\documents\visual studio 2015\projects\lab1gameengine\lab1gameengine\debug\timer.obj
c:\users\christopher\documents\visual studio 2015\projects\lab1gameengine\lab1gameengine\debug\main.obj
c:\users\christopher\documents\schoolwork\lab1gameengine\lab1gameengine\debug\vc140.pdb
c:\users\christopher\documents\schoolwork\lab1gameengine\lab1gameengine\debug\vc140.idb
c:\users\christopher\documents\schoolwork\lab1gameengine\lab1gameengine\debug\clock.obj
c:\users\christopher\documents\schoolwork\lab1gameengine\lab1gameengine\debug\main.obj
c:\users\christopher\documents\schoolwork\lab1gameengine\lab1gameengine\debug\timer.obj
c:\users\christopher\documents\visual studio 2015\projects\lab1gameengine\debug\lab1gameengine.ilk
c:\users\christopher\documents\visual studio 2015\projects\lab1gameengine\debug\lab1gameengine.exe
c:\users\christopher\documents\visual studio 2015\projects\lab1gameengine\debug\lab1gameengine.pdb
c:\users\christopher\documents\schoolwork\lab1gameengine\debug\lab1gameengine.ilk
c:\users\christopher\documents\schoolwork\lab1gameengine\debug\lab1gameengine.exe
c:\users\christopher\documents\schoolwork\lab1gameengine\debug\lab1gameengine.pdb
c:\users\christopher\documents\schoolwork\lab1gameengine\lab1gameengine\debug\lab1gameengine.tlog\cl.command.1.tlog
c:\users\christopher\documents\schoolwork\lab1gameengine\lab1gameengine\debug\lab1gameengine.tlog\cl.read.1.tlog
c:\users\christopher\documents\schoolwork\lab1gameengine\lab1gameengine\debug\lab1gameengine.tlog\cl.write.1.tlog
c:\users\christopher\documents\schoolwork\lab1gameengine\lab1gameengine\debug\lab1gameengine.tlog\link.command.1.tlog
c:\users\christopher\documents\schoolwork\lab1gameengine\lab1gameengine\debug\lab1gameengine.tlog\link.read.1.tlog
c:\users\christopher\documents\schoolwork\lab1gameengine\lab1gameengine\debug\lab1gameengine.tlog\link.write.1.tlog
